<?xml version="1.0" encoding="UTF-8"?>
<robot generator="Robot 5.0.1 (Python 3.10.5 on win32)" generated="20220712 11:07:32.386" rpa="false" schemaversion="3">
<suite id="s1" name="Search" source="D:\QA\MobileRobot\Suite\Search.robot">
<test id="s1-t1" name="User Should Be Able To Login With Valid Data" line="12">
<kw name="Open Flight Application" library="Base">
<kw name="Open Application" library="AppiumLibrary">
<arg>${REMOTE_URL}</arg>
<arg>platformName=${PLATFORM_NAME}</arg>
<arg>platformVersion=${PLATFORM_VERSION}</arg>
<arg>deviceName=${DEVICE_NAME}</arg>
<arg>automationName=UiAutomator2</arg>
<arg>newCommandTimeout=2500</arg>
<arg>appActivity=${Activity_NAME}</arg>
<arg>appPackage=${PACKAGE_NAME}</arg>
<doc>Opens a new application to given Appium server.
Capabilities of appium server, Android and iOS,
Please check https://github.com/appium/appium/blob/master/docs/en/writing-running-appium/server-args.md
| *Option*            | *Man.* | *Description*     |
| remote_url          | Yes    | Appium server url |
| alias               | no     | alias             |</doc>
<status status="PASS" starttime="20220712 11:07:32.528" endtime="20220712 11:07:39.510"/>
</kw>
<status status="PASS" starttime="20220712 11:07:32.527" endtime="20220712 11:07:39.510"/>
</kw>
<doc>Test to verify that User Should Be Able To Login With Valid Data</doc>
<status status="PASS" starttime="20220712 11:07:32.527" endtime="20220712 11:07:39.511"/>
</test>
<test id="s1-t2" name="User Should Be Able To Search Flight Number" line="15">
<kw name="User Should Be Able To Login" library="SearchKeywords">
<kw name="Tap" library="AppiumLibrary">
<arg>${signin_icon}</arg>
<doc>Tap element identified by ``locator``. </doc>
<status status="PASS" starttime="20220712 11:07:39.513" endtime="20220712 11:07:40.462"/>
</kw>
<kw name="Sleep" library="BuiltIn">
<arg>5s</arg>
<doc>Pauses the test executed for the given time.</doc>
<msg timestamp="20220712 11:07:45.467" level="INFO">Slept 5 seconds</msg>
<status status="PASS" starttime="20220712 11:07:40.462" endtime="20220712 11:07:45.467"/>
</kw>
<kw name="Input Text" library="AppiumLibrary">
<arg>${username}</arg>
<arg>${user_email}</arg>
<doc>Types the given `text` into text field identified by `locator`.</doc>
<msg timestamp="20220712 11:07:45.469" level="INFO">Typing text 'support@ngendigital.com' into text field 'id=com.example.myapplication:id/username'</msg>
<status status="PASS" starttime="20220712 11:07:45.467" endtime="20220712 11:07:45.511"/>
</kw>
<kw name="Input Text" library="AppiumLibrary">
<arg>${password}</arg>
<arg>${user_password}</arg>
<doc>Types the given `text` into text field identified by `locator`.</doc>
<msg timestamp="20220712 11:07:45.513" level="INFO">Typing text 'abc123' into text field 'id=com.example.myapplication:id/password'</msg>
<status status="PASS" starttime="20220712 11:07:45.511" endtime="20220712 11:07:46.029"/>
</kw>
<kw name="Tap" library="AppiumLibrary">
<arg>${signin_button}</arg>
<doc>Tap element identified by ``locator``. </doc>
<status status="PASS" starttime="20220712 11:07:46.029" endtime="20220712 11:07:46.669"/>
</kw>
<kw name="Sleep" library="BuiltIn">
<arg>5s</arg>
<doc>Pauses the test executed for the given time.</doc>
<msg timestamp="20220712 11:07:51.678" level="INFO">Slept 5 seconds</msg>
<status status="PASS" starttime="20220712 11:07:46.670" endtime="20220712 11:07:51.678"/>
</kw>
<status status="PASS" starttime="20220712 11:07:39.513" endtime="20220712 11:07:51.678"/>
</kw>
<kw name="Tap Search Tab" library="SearchKeywords">
<kw name="Tap" library="AppiumLibrary">
<arg>${search_tab}</arg>
<doc>Tap element identified by ``locator``. </doc>
<status status="PASS" starttime="20220712 11:07:51.679" endtime="20220712 11:07:51.875"/>
</kw>
<kw name="Sleep" library="BuiltIn">
<arg>5s</arg>
<doc>Pauses the test executed for the given time.</doc>
<msg timestamp="20220712 11:07:56.886" level="INFO">Slept 5 seconds</msg>
<status status="PASS" starttime="20220712 11:07:51.876" endtime="20220712 11:07:56.886"/>
</kw>
<status status="PASS" starttime="20220712 11:07:51.678" endtime="20220712 11:07:56.887"/>
</kw>
<kw name="Input Flight Number" library="SearchKeywords">
<arg>flight_id= ${fligt_num}</arg>
<kw name="Input Text" library="AppiumLibrary">
<arg>${search_field}</arg>
<arg>${flight_id}</arg>
<doc>Types the given `text` into text field identified by `locator`.</doc>
<msg timestamp="20220712 11:07:56.889" level="INFO">Typing text ' DA935' into text field 'com.example.myapplication:id/flight_number'</msg>
<status status="PASS" starttime="20220712 11:07:56.888" endtime="20220712 11:07:56.939"/>
</kw>
<status status="PASS" starttime="20220712 11:07:56.887" endtime="20220712 11:07:56.939"/>
</kw>
<kw name="Tap Search Button" library="SearchKeywords">
<kw name="Tap" library="AppiumLibrary">
<arg>${search_button}</arg>
<doc>Tap element identified by ``locator``. </doc>
<status status="PASS" starttime="20220712 11:07:56.940" endtime="20220712 11:07:57.588"/>
</kw>
<kw name="Sleep" library="BuiltIn">
<arg>5s</arg>
<doc>Pauses the test executed for the given time.</doc>
<msg timestamp="20220712 11:08:02.589" level="INFO">Slept 5 seconds</msg>
<status status="PASS" starttime="20220712 11:07:57.588" endtime="20220712 11:08:02.589"/>
</kw>
<status status="PASS" starttime="20220712 11:07:56.940" endtime="20220712 11:08:02.589"/>
</kw>
<kw name="Close Application" library="AppiumLibrary" type="TEARDOWN">
<doc>Closes the current application and also close webdriver session.</doc>
<status status="PASS" starttime="20220712 11:08:02.590" endtime="20220712 11:08:02.838"/>
</kw>
<status status="PASS" starttime="20220712 11:07:39.512" endtime="20220712 11:08:02.838"/>
</test>
<doc>Search Flight Number Test Cases</doc>
<status status="PASS" starttime="20220712 11:07:32.387" endtime="20220712 11:08:02.840"/>
</suite>
<statistics>
<total>
<stat pass="2" fail="0" skip="0">All Tests</stat>
</total>
<tag>
</tag>
<suite>
<stat pass="2" fail="0" skip="0" id="s1" name="Search">Search</stat>
</suite>
</statistics>
<errors>
</errors>
</robot>
